[INFO  - 2017-06-12T19:11:08.776Z] GhostDriver - Main - running on port 61691
[INFO  - 2017-06-12T19:11:09.084Z] Session [e43feb60-4fa2-11e7-8419-592fc9da678f] - page.settings - {"XSSAuditingEnabled":false,"javascriptCanCloseWindows":true,"javascriptCanOpenWindows":true,"javascriptEnabled":true,"loadImages":true,"localToRemoteUrlAccessEnabled":false,"userAgent":"Mozilla/5.0 (Macintosh; Intel Mac OS X) AppleWebKit/538.1 (KHTML, like Gecko) PhantomJS/2.1.1 Safari/538.1","webSecurityEnabled":true}
[INFO  - 2017-06-12T19:11:09.084Z] Session [e43feb60-4fa2-11e7-8419-592fc9da678f] - page.customHeaders:  - {}
[INFO  - 2017-06-12T19:11:09.084Z] Session [e43feb60-4fa2-11e7-8419-592fc9da678f] - Session.negotiatedCapabilities - {"browserName":"phantomjs","version":"2.1.1","driverName":"ghostdriver","driverVersion":"1.2.0","platform":"mac-unknown-64bit","javascriptEnabled":true,"takesScreenshot":true,"handlesAlerts":false,"databaseEnabled":false,"locationContextEnabled":false,"applicationCacheEnabled":false,"browserConnectionEnabled":false,"cssSelectorsEnabled":true,"webStorageEnabled":false,"rotatable":false,"acceptSslCerts":false,"nativeEvents":true,"proxy":{"proxyType":"direct"}}
[INFO  - 2017-06-12T19:11:09.084Z] SessionManagerReqHand - _postNewSessionCommand - New Session Created: e43feb60-4fa2-11e7-8419-592fc9da678f
[ERROR - 2017-06-12T19:11:13.122Z] Session [e43feb60-4fa2-11e7-8419-592fc9da678f] - page.onError - msg: Facebook Pixel Error: Duplicate Pixel ID: 1591692697715219

  phantomjs://platform/console++.js:263 in error
[ERROR - 2017-06-12T19:11:13.122Z] Session [e43feb60-4fa2-11e7-8419-592fc9da678f] - page.onError - stack:
  ic (https://connect.facebook.net/en_US/fbevents.js:24)

  phantomjs://platform/console++.js:263 in error
[ERROR - 2017-06-12T19:11:15.231Z] Session [e43feb60-4fa2-11e7-8419-592fc9da678f] - page.onError - msg: TypeError: undefined is not an object (evaluating 'Object.prototype')

  phantomjs://platform/console++.js:263 in error
[ERROR - 2017-06-12T19:11:15.231Z] Session [e43feb60-4fa2-11e7-8419-592fc9da678f] - page.onError - stack:
  (anonymous function) (https://assets.zendesk.com/embeddable_framework/main.js:37)
  call (:0)
  (anonymous function) (https://assets.zendesk.com/embeddable_framework/main.js:37)
  c (https://assets.zendesk.com/embeddable_framework/main.js:37)
  d (https://assets.zendesk.com/embeddable_framework/main.js:37)
  apply (:0)
  (anonymous function) (https://v2.zopim.com/bin/v/widget_v2.203.js:12099)
  bugsnag (https://d1p4wrw087wab3.cloudfront.net/vendor-a16ee46d22.js:30)
  (anonymous function) (https://d1p4wrw087wab3.cloudfront.net/vendor-a16ee46d22.js:30)
  nrWrapper (https://my.wealthsimple.com/app/login:10)

  phantomjs://platform/console++.js:263 in error
[ERROR - 2017-06-12T19:11:15.236Z] Session [e43feb60-4fa2-11e7-8419-592fc9da678f] - page.onError - msg: TypeError: undefined is not an object (evaluating 'Object.prototype')

  phantomjs://platform/console++.js:263 in error
[ERROR - 2017-06-12T19:11:15.237Z] Session [e43feb60-4fa2-11e7-8419-592fc9da678f] - page.onError - stack:
  (anonymous function) (https://assets.zendesk.com/embeddable_framework/main.js:37)
  call (:0)
  (anonymous function) (https://assets.zendesk.com/embeddable_framework/main.js:37)
  c (https://assets.zendesk.com/embeddable_framework/main.js:37)
  u (https://assets.zendesk.com/embeddable_framework/main.js:37)
  apply (:0)
  (anonymous function) (https://v2.zopim.com/bin/v/widget_v2.203.js:12099)
  bugsnag (https://d1p4wrw087wab3.cloudfront.net/vendor-a16ee46d22.js:30)
  (anonymous function) (https://d1p4wrw087wab3.cloudfront.net/vendor-a16ee46d22.js:30)
  nrWrapper (https://my.wealthsimple.com/app/login:10)

  phantomjs://platform/console++.js:263 in error
